==============================================================================
Suites                                                                        
==============================================================================
Suites.CV-MX-WEB-REGISTER & PROMOS PAGES :: validar presencia de elementos ...
==============================================================================




Loading Application 'Charles'
Working Directory: '/Users/at'
Java Runtime (jdk-11.0.9_11.jdk) Relative Path: '/Users/at/Library/charles/Contents/PlugIns/jdk-11.0.9_11.jdk' (dylib: /Users/at/Library/charles/Contents/PlugIns/jdk-11.0.9_11.jdk/Contents/Home/lib/jli/libjli.dylib)
Launchpath: /Users/at/Library/charles/Contents/PlugIns/jdk-11.0.9_11.jdk/Contents/Home/lib/jli/libjli.dylib
Main Bundle Path: '/Users/at/Library/charles'
Main Class Name: 'com.xk72.charles.macos.gui.Main'
Option: -Dcom.apple.mrj.application.live-resize=true
Option: -Dapple.laf.useScreenMenuBar=true
Option: -Dapple.mrj.application.growbox.intrudes=true
Option: -Dcom.apple.hwaccel=true
Option: -Dswing.aatext=true
Option: -Dapple.awt.graphics.UseQuartz=true
Option: -Djava.net.preferIPv4Stack=false
Option: -Djava.net.preferIPv6Addresses=true
Option: -Dcharles.home=/Users/at/Library/charles/Contents
Option: -Xdock:icon=/Users/at/Library/charles/Contents/Resources/charles.icns
Option: -Xdock:name=Charles
Option: -Dcom.apple.mrj.application.apple.menu.about.name=Charles
Option: -Dapple.awt.application.appearance=system
Command line passed to application:
Arg 0: 'Charles'
Arg 1: '-Djava.library.path=/Users/at/Library/charles/Contents/MacOS'
Arg 2: '-Djava.class.path=/Users/at/Library/charles/Contents/Java/charles.jar'
Arg 3: '-DLibraryDirectory=/Users/at/Library'
Arg 4: '-DDocumentsDirectory=/Users/at/Documents'
Arg 5: '-DApplicationSupportDirectory=/Users/at/Library/Application Support'
Arg 6: '-DCachesDirectory=/Users/at/Library/Caches'
Arg 7: '-DApplicationDirectory=/Users/at/Applications'
Arg 8: '-DAutosavedInformationDirectory=/Users/at/Library/Autosave Information'
Arg 9: '-DDesktopDirectory=/Users/at/Desktop'
Arg 10: '-DDownloadsDirectory=/Users/at/Downloads'
Arg 11: '-DMoviesDirectory=/Users/at/Movies'
Arg 12: '-DMusicDirectory=/Users/at/Music'
Arg 13: '-DPicturesDirectory=/Users/at/Pictures'
Arg 14: '-DSharedPublicDirectory=/Users/at/Public'
Arg 15: '-DSystemLibraryDirectory=/Library'
Arg 16: '-DSystemApplicationSupportDirectory=/Library/Application Support'
Arg 17: '-DSystemCachesDirectory=/Library/Caches'
Arg 18: '-DSystemApplicationDirectory=/Applications'
Arg 19: '-DSystemUserDirectory=/Users'
Arg 20: '-DUserHome=/Users/at'
Arg 21: '-DSandboxEnabled=true'
Arg 22: '-DDarkMode=true'
Arg 23: '-DLaunchModifierFlags=0'
Arg 24: '-DLaunchModifierFlagCapsLock=false'
Arg 25: '-DLaunchModifierFlagShift=false'
Arg 26: '-DLaunchModifierFlagControl=false'
Arg 27: '-DLaunchModifierFlagOption=false'
Arg 28: '-DLaunchModifierFlagCommand=false'
Arg 29: '-DLaunchModifierFlagNumericPad=false'
Arg 30: '-DLaunchModifierFlagHelp=false'
Arg 31: '-DLaunchModifierFlagFunction=false'
Arg 32: '-Dcom.apple.mrj.application.live-resize=true'
Arg 33: '-Dapple.laf.useScreenMenuBar=true'
Arg 34: '-Dapple.mrj.application.growbox.intrudes=true'
Arg 35: '-Dcom.apple.hwaccel=true'
Arg 36: '-Dswing.aatext=true'
Arg 37: '-Dapple.awt.graphics.UseQuartz=true'
Arg 38: '-Djava.net.preferIPv4Stack=false'
Arg 39: '-Djava.net.preferIPv6Addresses=true'
Arg 40: '-Dcharles.home=/Users/at/Library/charles/Contents'
Arg 41: '-Xdock:icon=/Users/at/Library/charles/Contents/Resources/charles.icns'
Arg 42: '-Xdock:name=Charles'
Arg 43: '-Dcom.apple.mrj.application.apple.menu.about.name=Charles'
Arg 44: '-Dapple.awt.application.appearance=system'
Arg 45: 'com.xk72.charles.macos.gui.Main'
Arg 46: '-headless'
Arg 47: '-config'
Arg 48: '/Users/at/Desktop/AT-auto/robotFramework/auto_py/QC-WEB-MX/resources/charles_proxy/com.xk72.charles.config'




Loading Application 'Charles'
Working Directory: '/Users/at'
Java Runtime (jdk-11.0.9_11.jdk) Relative Path: '/Users/at/Library/charles/Contents/PlugIns/jdk-11.0.9_11.jdk' (dylib: /Users/at/Library/charles/Contents/PlugIns/jdk-11.0.9_11.jdk/Contents/Home/lib/jli/libjli.dylib)
Launchpath: /Users/at/Library/charles/Contents/PlugIns/jdk-11.0.9_11.jdk/Contents/Home/lib/jli/libjli.dylib
Main Bundle Path: '/Users/at/Library/charles'
Main Class Name: 'com.xk72.charles.macos.gui.Main'
Option: -Dcom.apple.mrj.application.live-resize=true
Option: -Dapple.laf.useScreenMenuBar=true
Option: -Dapple.mrj.application.growbox.intrudes=true
Option: -Dcom.apple.hwaccel=true
Option: -Dswing.aatext=true
Option: -Dapple.awt.graphics.UseQuartz=true
Option: -Djava.net.preferIPv4Stack=false
Option: -Djava.net.preferIPv6Addresses=true
Option: -Dcharles.home=/Users/at/Library/charles/Contents
Option: -Xdock:icon=/Users/at/Library/charles/Contents/Resources/charles.icns
Option: -Xdock:name=Charles
Option: -Dcom.apple.mrj.application.apple.menu.about.name=Charles
Option: -Dapple.awt.application.appearance=system
Command line passed to application:
Arg 0: 'Charles'
Arg 1: '-Djava.library.path=/Users/at/Library/charles/Contents/MacOS'
Arg 2: '-Djava.class.path=/Users/at/Library/charles/Contents/Java/charles.jar'
Arg 3: '-DLibraryDirectory=/Users/at/Library'
Arg 4: '-DDocumentsDirectory=/Users/at/Documents'
Arg 5: '-DApplicationSupportDirectory=/Users/at/Library/Application Support'
Arg 6: '-DCachesDirectory=/Users/at/Library/Caches'
Arg 7: '-DApplicationDirectory=/Users/at/Applications'
Arg 8: '-DAutosavedInformationDirectory=/Users/at/Library/Autosave Information'
Arg 9: '-DDesktopDirectory=/Users/at/Desktop'
Arg 10: '-DDownloadsDirectory=/Users/at/Downloads'
Arg 11: '-DMoviesDirectory=/Users/at/Movies'
Arg 12: '-DMusicDirectory=/Users/at/Music'
Arg 13: '-DPicturesDirectory=/Users/at/Pictures'
Arg 14: '-DSharedPublicDirectory=/Users/at/Public'
Arg 15: '-DSystemLibraryDirectory=/Library'
Arg 16: '-DSystemApplicationSupportDirectory=/Library/Application Support'
Arg 17: '-DSystemCachesDirectory=/Library/Caches'
Arg 18: '-DSystemApplicationDirectory=/Applications'
Arg 19: '-DSystemUserDirectory=/Users'
Arg 20: '-DUserHome=/Users/at'
Arg 21: '-DSandboxEnabled=true'
Arg 22: '-DDarkMode=true'
Arg 23: '-DLaunchModifierFlags=0'
Arg 24: '-DLaunchModifierFlagCapsLock=false'
Arg 25: '-DLaunchModifierFlagShift=false'
Arg 26: '-DLaunchModifierFlagControl=false'
Arg 27: '-DLaunchModifierFlagOption=false'
Arg 28: '-DLaunchModifierFlagCommand=false'
Arg 29: '-DLaunchModifierFlagNumericPad=false'
Arg 30: '-DLaunchModifierFlagHelp=false'
Arg 31: '-DLaunchModifierFlagFunction=false'
Arg 32: '-Dcom.apple.mrj.application.live-resize=true'
Arg 33: '-Dapple.laf.useScreenMenuBar=true'
Arg 34: '-Dapple.mrj.application.growbox.intrudes=true'
Arg 35: '-Dcom.apple.hwaccel=true'
Arg 36: '-Dswing.aatext=true'
Arg 37: '-Dapple.awt.graphics.UseQuartz=true'
Arg 38: '-Djava.net.preferIPv4Stack=false'
Arg 39: '-Djava.net.preferIPv6Addresses=true'
Arg 40: '-Dcharles.home=/Users/at/Library/charles/Contents'
Arg 41: '-Xdock:icon=/Users/at/Library/charles/Contents/Resources/charles.icns'
Arg 42: '-Xdock:name=Charles'
Arg 43: '-Dcom.apple.mrj.application.apple.menu.about.name=Charles'
Arg 44: '-Dapple.awt.application.appearance=system'
Arg 45: 'com.xk72.charles.macos.gui.Main'
Arg 46: '-headless'
Arg 47: '-config'
Arg 48: '/Users/at/Desktop/AT-auto/robotFramework/auto_py/QC-WEB-MX/resources/charles_proxy/com.xk72.charles.config'
Registered to: AMX CONTENIDO, S.A. DE C.V. - Multi-Site License
CV-WEB-MX- VALIDAR ELEMENTOS Y TEXTOS REGISTER PAGE                   | PASS |
------------------------------------------------------------------------------
CV-WEB-MX- VALIDAR ELEMENTOS Y TEXTOS REGISTER PAGE-T&C FRAME         | PASS |
------------------------------------------------------------------------------
CV-WEB-MX- VALIDAR ELEMENTOS Y TEXTOS REGISTER PAGE-TELMEX FRAME        
  Traceback (most recent call last):
    ~~~~~~~~~~~~~~~~~~~~~~~~~~~~~~~~~~~~~~~~~~~~~~~~~~~~~~~~~~~~~~~~~~~~~~~~~~
    File  /Users/at/Desktop/AT-auto/robotFramework/auto_py/QC-WEB-MX/testCases/CV-MX-WEB-REGISTER_&_PROMOS_PAGES.robot:26
    T:  CV-WEB-MX- VALIDAR ELEMENTOS Y TEXTOS REGISTER PAGE-TELMEX FRAME    
    ~~~~~~~~~~~~~~~~~~~~~~~~~~~~~~~~~~~~~~~~~~~~~~~~~~~~~~~~~~~~~~~~~~~~~~~~~~
    File  /Users/at/Desktop/AT-auto/robotFramework/auto_py/QC-WEB-MX/testCases/CV-MX-WEB-REGISTER_&_PROMOS_PAGES.robot:33
      Should Be Equal As Strings    ${textotelmex_promos}    ${textooficialtelmex_promos}
      |  ${textotelmex_promos} = Incluido sin costo** para clientes con paquete infinitum
Telmex pagará el servicio de Claro video durante 12 meses para los clientes infinitum con Paquete 389, 435, 499, 599, 699, 999, 1499 o Infinitum Puro. También, durante 12 meses el servicio será sin costo para los clientes que tengan los paquetes descritos. Vigencia al 31 de diciembre de 2021. Para Paquete 333, 289, 249 Telmex pagará el servicio que estará disponible para su activación hasta el 31 de diciembre del 2021, una vez activada la cuenta en el servicio Claro video se incluirá por un periodo de hasta 90 días. Para Línea Básica, al contratar Claro video el primer mes no tiene costo. No incluye Pago por Evento. Consulta Términos y Condiciones en www.clarovideo.com. (str)
      |  ${textooficialtelmex_promos} = Incluido sin costo** para clientes con paquete infinitum
Telmex pagará el servicio de Claro video durante 12 meses para los clientes infinitum con Paquete 389, 435, 499, 599, 699, 999, 1499 o Infinitum Puro. También, durante 12 meses el servicio será sin costo para los clientes que tengan los paquetes descritos. Vigencia al 31 de diciembre de 2021. Para Paquete 333, 289, 249 Telmex pagará el servicio que estará disponible para su activación hasta el 31 de diciembre del 2020, una vez activada la cuenta en el servicio Claro video se incluirá por un periodo de hasta 90 días. Para Línea Básica, al contratar Claro video el primer mes no tiene costo. No incluye Pago por Evento. Consulta Términos y Condiciones en www.clarovideo.com. (str)
______________________________________________________________________________
| FAIL |
Incluido sin costo** para clientes con paquete infinitum
Telmex pagará el servicio de Claro video durante 12 meses para los clientes infinitum con Paquete 389, 435, 499, 599, 699, 999, 1499 o Infinitum Puro. También, durante 12 meses el servicio será sin costo para los clientes que tengan los paquetes descritos. Vigencia al 31 de diciembre de 2021. Para Paquete 333, 289, 249 Telmex pagará el servicio que estará disponible para su activación hasta el 31 de diciembre del 2021, una vez activada la cuenta en el servicio Claro video se incluirá por un periodo de hasta 90 días. Para Línea Básica, al contratar Claro video el primer mes no tiene costo. No incluye Pago por Evento. Consulta Términos y Condiciones en www.clarovideo.com. != Incluido sin costo** para clientes con paquete infinitum
Telmex pagará el servicio de Claro video durante 12 meses para los clientes infinitum con Paquete 389, 435, 499, 599, 699, 999, 1499 o Infinitum Puro. También, durante 12 meses el servicio será sin costo para los clientes que tengan los paquetes descritos. Vigencia al 31 de diciembre de 2021. Para Paquete 333, 289, 249 Telmex pagará el servicio que estará disponible para su activación hasta el 31 de diciembre del 2020, una vez activada la cuenta en el servicio Claro video se incluirá por un periodo de hasta 90 días. Para Línea Básica, al contratar Claro video el primer mes no tiene costo. No incluye Pago por Evento. Consulta Términos y Condiciones en www.clarovideo.com.
------------------------------------------------------------------------------
CV-WEB-MX- VALIDAR ELEMENTOS Y TEXTOS REGISTER PAGE-TELCEL FRAME      | PASS |
------------------------------------------------------------------------------
Suites.CV-MX-WEB-REGISTER & PROMOS PAGES :: validar presencia de e... | FAIL |
4 tests, 3 passed, 1 failed
==============================================================================
Suites                                                                | FAIL |
4 tests, 3 passed, 1 failed
==============================================================================
Output:  /Users/at/Desktop/AT-auto/robotFramework/auto_py/QC-WEB-MX/Resultados/08_31_2021_18:49:19/pabot_results/1/output.xml
